\BOOKMARK [1][-]{section.1}{\376\377\000S\000c\000h\000e\000d\000u\000l\000i\000n\000g\000\040\000C\000o\000m\000p\000u\000t\000a\000t\000i\000o\000n\000\040\000\050\0006\000\040\000p\000o\000i\000n\000t\000s\000\051}{}% 1
\BOOKMARK [2][-]{subsection.1.1}{\376\377\000S\000o\000l\000u\000t\000i\000o\000n\000:\000\040\000A\000l\000g\000o\000r\000i\000t\000h\000m}{section.1}% 2
\BOOKMARK [2][-]{subsection.1.2}{\376\377\000S\000o\000l\000u\000t\000i\000o\000n\000:\000\040\000F\000o\000r\000m\000a\000l\000\040\000P\000r\000o\000o\000f}{section.1}% 3
\BOOKMARK [2][-]{subsection.1.3}{\376\377\000S\000o\000l\000u\000t\000i\000o\000n\000:\000\040\000T\000i\000m\000e\000\040\000C\000o\000m\000p\000l\000e\000x\000i\000t\000y}{section.1}% 4
\BOOKMARK [1][-]{section.2}{\376\377\000C\000l\000u\000N\000e\000t\000\040\000N\000e\000e\000d\000s\000\040\000T\000o\000\040\000G\000e\000t\000\040\000A\000\040\000C\000l\000u\000e\000\040\000\050\0006\000\040\000p\000o\000i\000n\000t\000s\000\051}{}% 5
\BOOKMARK [2][-]{subsection.2.1}{\376\377\000S\000o\000l\000u\000t\000i\000o\000n\000:\000\040\000A\000l\000g\000o\000r\000i\000t\000h\000m}{section.2}% 6
\BOOKMARK [2][-]{subsection.2.2}{\376\377\000S\000o\000l\000u\000t\000i\000o\000n\000:\000\040\000F\000o\000r\000m\000a\000l\000\040\000P\000r\000o\000o\000f}{section.2}% 7
\BOOKMARK [1][-]{section.3}{\376\377\000A\000\040\000G\000r\000e\000e\000d\000y\000\040\000T\000i\000m\000e\000\040\000S\000e\000r\000i\000e\000s\000\040\000\050\0005\000\040\000p\000o\000i\000n\000t\000s\000\051}{}% 8
\BOOKMARK [2][-]{subsection.3.1}{\376\377\000S\000o\000l\000u\000t\000i\000o\000n\000:\000\040\000A\000l\000g\000o\000r\000i\000t\000h\000m}{section.3}% 9
\BOOKMARK [2][-]{subsection.3.2}{\376\377\000S\000o\000l\000u\000t\000i\000o\000n\000:\000\040\000R\000u\000n\000t\000i\000m\000e}{section.3}% 10
\BOOKMARK [1][-]{section.4}{\376\377\000T\000i\000m\000i\000n\000g\000\040\000V\000L\000S\000I\000\040\000\050\0006\000\040\000p\000o\000i\000n\000t\000s\000\051}{}% 11
\BOOKMARK [2][-]{subsection.4.1}{\376\377\000S\000o\000l\000u\000t\000i\000o\000n\000:\000\040\000A\000l\000g\000o\000r\000i\000t\000h\000m}{section.4}% 12
\BOOKMARK [2][-]{subsection.4.2}{\376\377\000S\000o\000l\000u\000t\000i\000o\000n\000:\000\040\000A\000l\000g\000o\000r\000i\000t\000h\000m\000\040\000P\000e\000r\000f\000o\000r\000m\000e\000d\000\040\000o\000n\000\040\000F\000i\000g\000u\000r\000e}{section.4}% 13
\BOOKMARK [1][-]{section.5}{\376\377\000G\000r\000a\000p\000h\000s\000\040\000G\000e\000t\000t\000i\000n\000g\000\040\000T\000h\000e\000i\000r\000\040\000D\000e\000g\000r\000e\000e\000s\000\040\000\050\0008\000\040\000p\000o\000i\000n\000t\000s\000\051}{}% 14
\BOOKMARK [2][-]{subsection.5.1}{\376\377\000S\000o\000l\000u\000t\000i\000o\000n\000:\000\040\000A\000l\000g\000o\000r\000i\000t\000h\000m}{section.5}% 15
\BOOKMARK [2][-]{subsection.5.2}{\376\377\000S\000o\000l\000u\000t\000i\000o\000n\000:\000\040\000P\000r\000o\000o\000f\000\040\000o\000f\000\040\000A\000l\000g\000o\000r\000i\000t\000h\000m}{section.5}% 16
\BOOKMARK [2][-]{subsection.5.3}{\376\377\000S\000o\000l\000u\000t\000i\000o\000n\000:\000\040\000C\000r\000e\000a\000t\000e\000d\000\040\000G\000r\000a\000p\000h}{section.5}% 17
\BOOKMARK [1][-]{section.6}{\376\377\000O\000n\000l\000y\000\040\000T\000h\000e\000\040\000M\000a\000x\000\040\000E\000d\000g\000e\000\040\000M\000a\000t\000t\000e\000r\000s\000\040\000\050\0008\000\040\000p\000o\000i\000n\000t\000s\000\051}{}% 18
\BOOKMARK [2][-]{subsection.6.1}{\376\377\000S\000o\000l\000u\000t\000i\000o\000n\000:\000\040\000A\000l\000g\000o\000r\000i\000t\000h\000m}{section.6}% 19
\BOOKMARK [2][-]{subsection.6.2}{\376\377\000S\000o\000l\000u\000t\000i\000o\000n\000:\000\040\000R\000u\000n\000t\000i\000m\000e}{section.6}% 20
